# JRE version: Java(TM) SE Runtime Environment (8.0_151-b12) (build 1.8.0_151-b12)
# Java VM: Java HotSpot(TM) 64-Bit Server VM (25.151-b12 mixed mode windows-amd64 compressed oops)
Heap:
 PSYoungGen      total 173568K, used 58209K [0x000000076b380000, 0x0000000778f80000, 0x00000007c0000000)
  eden space 163840K, 35% used [0x000000076b380000,0x000000076ec58618,0x0000000775380000)
  from space 9728K, 0% used [0x0000000775e80000,0x0000000775e80000,0x0000000776800000)
  to   space 11264K, 0% used [0x0000000775380000,0x0000000775380000,0x0000000775e80000)
 ParOldGen       total 147456K, used 15135K [0x00000006c1a00000, 0x00000006caa00000, 0x000000076b380000)
  object space 147456K, 10% used [0x00000006c1a00000,0x00000006c28c7ff8,0x00000006caa00000)
 Metaspace       used 40318K, capacity 41662K, committed 41816K, reserved 1085440K
  class space    used 5438K, capacity 5731K, committed 5760K, reserved 1048576K
GC Heap History (10 events):
Event: 2.286 GC heap before
{Heap before GC invocations=4 (full 1):
 PSYoungGen      total 76288K, used 7363K [0x000000076b380000, 0x0000000774880000, 0x00000007c0000000)
  eden space 65536K, 0% used [0x000000076b380000,0x000000076b380000,0x000000076f380000)
  from space 10752K, 68% used [0x000000076f380000,0x000000076fab0d18,0x000000076fe00000)
  to   space 10752K, 0% used [0x0000000773e00000,0x0000000773e00000,0x0000000774880000)
 ParOldGen       total 175104K, used 32K [0x00000006c1a00000, 0x00000006cc500000, 0x000000076b380000)
  object space 175104K, 0% used [0x00000006c1a00000,0x00000006c1a08000,0x00000006cc500000)
 Metaspace       used 20605K, capacity 21138K, committed 21248K, reserved 1067008K
  class space    used 2646K, capacity 2773K, committed 2816K, reserved 1048576K
Event: 2.309 GC heap after
Heap after GC invocations=4 (full 1):
 PSYoungGen      total 76288K, used 0K [0x000000076b380000, 0x0000000774880000, 0x00000007c0000000)
  eden space 65536K, 0% used [0x000000076b380000,0x000000076b380000,0x000000076f380000)
  from space 10752K, 0% used [0x000000076f380000,0x000000076f380000,0x000000076fe00000)
  to   space 10752K, 0% used [0x0000000773e00000,0x0000000773e00000,0x0000000774880000)
 ParOldGen       total 96768K, used 7070K [0x00000006c1a00000, 0x00000006c7880000, 0x000000076b380000)
  object space 96768K, 7% used [0x00000006c1a00000,0x00000006c20e7988,0x00000006c7880000)
 Metaspace       used 20605K, capacity 21138K, committed 21248K, reserved 1067008K
  class space    used 2646K, capacity 2773K, committed 2816K, reserved 1048576K
}
Event: 3.700 GC heap before
{Heap before GC invocations=5 (full 1):
 PSYoungGen      total 76288K, used 65536K [0x000000076b380000, 0x0000000774880000, 0x00000007c0000000)
  eden space 65536K, 100% used [0x000000076b380000,0x000000076f380000,0x000000076f380000)
  from space 10752K, 0% used [0x000000076f380000,0x000000076f380000,0x000000076fe00000)
  to   space 10752K, 0% used [0x0000000773e00000,0x0000000773e00000,0x0000000774880000)
 ParOldGen       total 96768K, used 7070K [0x00000006c1a00000, 0x00000006c7880000, 0x000000076b380000)
  object space 96768K, 7% used [0x00000006c1a00000,0x00000006c20e7988,0x00000006c7880000)
 Metaspace       used 25989K, capacity 26772K, committed 26880K, reserved 1073152K
  class space    used 3345K, capacity 3538K, committed 3584K, reserved 1048576K
Event: 3.707 GC heap after
Heap after GC invocations=5 (full 1):
 PSYoungGen      total 111616K, used 6879K [0x000000076b380000, 0x0000000774500000, 0x00000007c0000000)
  eden space 104448K, 0% used [0x000000076b380000,0x000000076b380000,0x0000000771980000)
  from space 7168K, 95% used [0x0000000773e00000,0x00000007744b7f50,0x0000000774500000)
  to   space 10752K, 0% used [0x0000000773000000,0x0000000773000000,0x0000000773a80000)
 ParOldGen       total 96768K, used 7142K [0x00000006c1a00000, 0x00000006c7880000, 0x000000076b380000)
  object space 96768K, 7% used [0x00000006c1a00000,0x00000006c20f9998,0x00000006c7880000)
 Metaspace       used 25989K, capacity 26772K, committed 26880K, reserved 1073152K
  class space    used 3345K, capacity 3538K, committed 3584K, reserved 1048576K
}
Event: 4.516 GC heap before
{Heap before GC invocations=6 (full 1):
 PSYoungGen      total 111616K, used 111327K [0x000000076b380000, 0x0000000774500000, 0x00000007c0000000)
  eden space 104448K, 100% used [0x000000076b380000,0x0000000771980000,0x0000000771980000)
  from space 7168K, 95% used [0x0000000773e00000,0x00000007744b7f50,0x0000000774500000)
  to   space 10752K, 0% used [0x0000000773000000,0x0000000773000000,0x0000000773a80000)
 ParOldGen       total 96768K, used 7142K [0x00000006c1a00000, 0x00000006c7880000, 0x000000076b380000)
  object space 96768K, 7% used [0x00000006c1a00000,0x00000006c20f9998,0x00000006c7880000)
 Metaspace       used 29744K, capacity 30896K, committed 31104K, reserved 1077248K
  class space    used 3868K, capacity 4126K, committed 4224K, reserved 1048576K
Event: 4.527 GC heap after
Heap after GC invocations=6 (full 1):
 PSYoungGen      total 138240K, used 9185K [0x000000076b380000, 0x0000000776800000, 0x00000007c0000000)
  eden space 127488K, 0% used [0x000000076b380000,0x000000076b380000,0x0000000773000000)
  from space 10752K, 85% used [0x0000000773000000,0x00000007738f87a0,0x0000000773a80000)
  to   space 9728K, 0% used [0x0000000775e80000,0x0000000775e80000,0x0000000776800000)
 ParOldGen       total 96768K, used 7150K [0x00000006c1a00000, 0x00000006c7880000, 0x000000076b380000)
  object space 96768K, 7% used [0x00000006c1a00000,0x00000006c20fb998,0x00000006c7880000)
 Metaspace       used 29744K, capacity 30896K, committed 31104K, reserved 1077248K
  class space    used 3868K, capacity 4126K, committed 4224K, reserved 1048576K
}
Event: 5.310 GC heap before
{Heap before GC invocations=7 (full 1):
 PSYoungGen      total 138240K, used 76294K [0x000000076b380000, 0x0000000776800000, 0x00000007c0000000)
  eden space 127488K, 52% used [0x000000076b380000,0x000000076f509178,0x0000000773000000)
  from space 10752K, 85% used [0x0000000773000000,0x00000007738f87a0,0x0000000773a80000)
  to   space 9728K, 0% used [0x0000000775e80000,0x0000000775e80000,0x0000000776800000)
 ParOldGen       total 96768K, used 7150K [0x00000006c1a00000, 0x00000006c7880000, 0x000000076b380000)
  object space 96768K, 7% used [0x00000006c1a00000,0x00000006c20fb998,0x00000006c7880000)
 Metaspace       used 34047K, capacity 35318K, committed 35416K, reserved 1079296K
  class space    used 4371K, capacity 4649K, committed 4736K, reserved 1048576K
Event: 5.323 GC heap after
Heap after GC invocations=7 (full 1):
 PSYoungGen      total 173568K, used 9716K [0x000000076b380000, 0x0000000778f80000, 0x00000007c0000000)
  eden space 163840K, 0% used [0x000000076b380000,0x000000076b380000,0x0000000775380000)
  from space 9728K, 99% used [0x0000000775e80000,0x00000007767fd1d8,0x0000000776800000)
  to   space 11264K, 0% used [0x0000000775380000,0x0000000775380000,0x0000000775e80000)
 ParOldGen       total 96768K, used 8158K [0x00000006c1a00000, 0x00000006c7880000, 0x000000076b380000)
  object space 96768K, 8% used [0x00000006c1a00000,0x00000006c21f7818,0x00000006c7880000)
 Metaspace       used 34047K, capacity 35318K, committed 35416K, reserved 1079296K
  class space    used 4371K, capacity 4649K, committed 4736K, reserved 1048576K
}
Event: 5.323 GC heap before
{Heap before GC invocations=8 (full 2):
 PSYoungGen      total 173568K, used 9716K [0x000000076b380000, 0x0000000778f80000, 0x00000007c0000000)
  eden space 163840K, 0% used [0x000000076b380000,0x000000076b380000,0x0000000775380000)
  from space 9728K, 99% used [0x0000000775e80000,0x00000007767fd1d8,0x0000000776800000)
  to   space 11264K, 0% used [0x0000000775380000,0x0000000775380000,0x0000000775e80000)
 ParOldGen       total 96768K, used 8158K [0x00000006c1a00000, 0x00000006c7880000, 0x000000076b380000)
  object space 96768K, 8% used [0x00000006c1a00000,0x00000006c21f7818,0x00000006c7880000)
 Metaspace       used 34047K, capacity 35318K, committed 35416K, reserved 1079296K
  class space    used 4371K, capacity 4649K, committed 4736K, reserved 1048576K
Event: 5.367 GC heap after
Heap after GC invocations=8 (full 2):
 PSYoungGen      total 173568K, used 0K [0x000000076b380000, 0x0000000778f80000, 0x00000007c0000000)
  eden space 163840K, 0% used [0x000000076b380000,0x000000076b380000,0x0000000775380000)
  from space 9728K, 0% used [0x0000000775e80000,0x0000000775e80000,0x0000000776800000)
  to   space 11264K, 0% used [0x0000000775380000,0x0000000775380000,0x0000000775e80000)
 ParOldGen       total 147456K, used 15135K [0x00000006c1a00000, 0x00000006caa00000, 0x000000076b380000)
  object space 147456K, 10% used [0x00000006c1a00000,0x00000006c28c7ff8,0x00000006caa00000)
 Metaspace       used 34047K, capacity 35318K, committed 35416K, reserved 1079296K
  class space    used 4371K, capacity 4649K, committed 4736K, reserved 1048576K
}

