# JRE version: Java(TM) SE Runtime Environment (8.0_151-b12) (build 1.8.0_151-b12)
# Java VM: Java HotSpot(TM) 64-Bit Server VM (25.151-b12 mixed mode windows-amd64 compressed oops)
Heap:
 PSYoungGen      total 172032K, used 44813K [0x000000076b380000, 0x0000000779f80000, 0x00000007c0000000)
  eden space 160256K, 27% used [0x000000076b380000,0x000000076df43688,0x0000000775000000)
  from space 11776K, 0% used [0x0000000775000000,0x0000000775000000,0x0000000775b80000)
  to   space 18944K, 0% used [0x0000000778d00000,0x0000000778d00000,0x0000000779f80000)
 ParOldGen       total 156672K, used 26763K [0x00000006c1a00000, 0x00000006cb300000, 0x000000076b380000)
  object space 156672K, 17% used [0x00000006c1a00000,0x00000006c3422c00,0x00000006cb300000)
 Metaspace       used 57391K, capacity 59898K, committed 60184K, reserved 1101824K
  class space    used 7962K, capacity 8393K, committed 8496K, reserved 1048576K
GC Heap History (10 events):
Event: 5.057 GC heap before
{Heap before GC invocations=8 (full 2):
 PSYoungGen      total 171008K, used 10735K [0x000000076b380000, 0x0000000778800000, 0x00000007c0000000)
  eden space 160256K, 0% used [0x000000076b380000,0x000000076b380000,0x0000000775000000)
  from space 10752K, 99% used [0x0000000775b80000,0x00000007765fbe68,0x0000000776600000)
  to   space 11776K, 0% used [0x0000000775000000,0x0000000775000000,0x0000000775b80000)
 ParOldGen       total 99328K, used 7343K [0x00000006c1a00000, 0x00000006c7b00000, 0x000000076b380000)
  object space 99328K, 7% used [0x00000006c1a00000,0x00000006c212bef0,0x00000006c7b00000)
 Metaspace       used 34070K, capacity 35374K, committed 35496K, reserved 1081344K
  class space    used 4380K, capacity 4649K, committed 4656K, reserved 1048576K
Event: 5.120 GC heap after
Heap after GC invocations=8 (full 2):
 PSYoungGen      total 171008K, used 0K [0x000000076b380000, 0x0000000778800000, 0x00000007c0000000)
  eden space 160256K, 0% used [0x000000076b380000,0x000000076b380000,0x0000000775000000)
  from space 10752K, 0% used [0x0000000775b80000,0x0000000775b80000,0x0000000776600000)
  to   space 11776K, 0% used [0x0000000775000000,0x0000000775000000,0x0000000775b80000)
 ParOldGen       total 156672K, used 15179K [0x00000006c1a00000, 0x00000006cb300000, 0x000000076b380000)
  object space 156672K, 9% used [0x00000006c1a00000,0x00000006c28d2cb0,0x00000006cb300000)
 Metaspace       used 34070K, capacity 35374K, committed 35496K, reserved 1081344K
  class space    used 4380K, capacity 4649K, committed 4656K, reserved 1048576K
}
Event: 10.148 GC heap before
{Heap before GC invocations=9 (full 2):
 PSYoungGen      total 171008K, used 160256K [0x000000076b380000, 0x0000000778800000, 0x00000007c0000000)
  eden space 160256K, 100% used [0x000000076b380000,0x0000000775000000,0x0000000775000000)
  from space 10752K, 0% used [0x0000000775b80000,0x0000000775b80000,0x0000000776600000)
  to   space 11776K, 0% used [0x0000000775000000,0x0000000775000000,0x0000000775b80000)
 ParOldGen       total 156672K, used 15179K [0x00000006c1a00000, 0x00000006cb300000, 0x000000076b380000)
  object space 156672K, 9% used [0x00000006c1a00000,0x00000006c28d2cb0,0x00000006cb300000)
 Metaspace       used 50466K, capacity 52298K, committed 52400K, reserved 1093632K
  class space    used 6976K, capacity 7331K, committed 7344K, reserved 1048576K
Event: 10.172 GC heap after
Heap after GC invocations=9 (full 2):
 PSYoungGen      total 172032K, used 11746K [0x000000076b380000, 0x0000000778800000, 0x00000007c0000000)
  eden space 160256K, 0% used [0x000000076b380000,0x000000076b380000,0x0000000775000000)
  from space 11776K, 99% used [0x0000000775000000,0x0000000775b78990,0x0000000775b80000)
  to   space 10752K, 0% used [0x0000000775b80000,0x0000000775b80000,0x0000000776600000)
 ParOldGen       total 156672K, used 22878K [0x00000006c1a00000, 0x00000006cb300000, 0x000000076b380000)
  object space 156672K, 14% used [0x00000006c1a00000,0x00000006c3057900,0x00000006cb300000)
 Metaspace       used 50466K, capacity 52298K, committed 52400K, reserved 1093632K
  class space    used 6976K, capacity 7331K, committed 7344K, reserved 1048576K
}
Event: 13.121 GC heap before
{Heap before GC invocations=10 (full 2):
 PSYoungGen      total 172032K, used 172002K [0x000000076b380000, 0x0000000778800000, 0x00000007c0000000)
  eden space 160256K, 100% used [0x000000076b380000,0x0000000775000000,0x0000000775000000)
  from space 11776K, 99% used [0x0000000775000000,0x0000000775b78990,0x0000000775b80000)
  to   space 10752K, 0% used [0x0000000775b80000,0x0000000775b80000,0x0000000776600000)
 ParOldGen       total 156672K, used 22878K [0x00000006c1a00000, 0x00000006cb300000, 0x000000076b380000)
  object space 156672K, 14% used [0x00000006c1a00000,0x00000006c3057900,0x00000006cb300000)
 Metaspace       used 55702K, capacity 58112K, committed 58288K, reserved 1099776K
  class space    used 7670K, capacity 8086K, committed 8112K, reserved 1048576K
Event: 13.140 GC heap after
Heap after GC invocations=10 (full 2):
 PSYoungGen      total 171008K, used 10749K [0x000000076b380000, 0x0000000778800000, 0x00000007c0000000)
  eden space 160256K, 0% used [0x000000076b380000,0x000000076b380000,0x0000000775000000)
  from space 10752K, 99% used [0x0000000775b80000,0x00000007765ff5f0,0x0000000776600000)
  to   space 11776K, 0% used [0x0000000775000000,0x0000000775000000,0x0000000775b80000)
 ParOldGen       total 156672K, used 27604K [0x00000006c1a00000, 0x00000006cb300000, 0x000000076b380000)
  object space 156672K, 17% used [0x00000006c1a00000,0x00000006c34f5258,0x00000006cb300000)
 Metaspace       used 55702K, capacity 58112K, committed 58288K, reserved 1099776K
  class space    used 7670K, capacity 8086K, committed 8112K, reserved 1048576K
}
Event: 13.665 GC heap before
{Heap before GC invocations=11 (full 2):
 PSYoungGen      total 171008K, used 73080K [0x000000076b380000, 0x0000000778800000, 0x00000007c0000000)
  eden space 160256K, 38% used [0x000000076b380000,0x000000076f05ed90,0x0000000775000000)
  from space 10752K, 99% used [0x0000000775b80000,0x00000007765ff5f0,0x0000000776600000)
  to   space 11776K, 0% used [0x0000000775000000,0x0000000775000000,0x0000000775b80000)
 ParOldGen       total 156672K, used 27604K [0x00000006c1a00000, 0x00000006cb300000, 0x000000076b380000)
  object space 156672K, 17% used [0x00000006c1a00000,0x00000006c34f5258,0x00000006cb300000)
 Metaspace       used 56616K, capacity 59118K, committed 59160K, reserved 1099776K
  class space    used 7809K, capacity 8223K, committed 8240K, reserved 1048576K
Event: 13.679 GC heap after
Heap after GC invocations=11 (full 2):
 PSYoungGen      total 172032K, used 11768K [0x000000076b380000, 0x0000000779f80000, 0x00000007c0000000)
  eden space 160256K, 0% used [0x000000076b380000,0x000000076b380000,0x0000000775000000)
  from space 11776K, 99% used [0x0000000775000000,0x0000000775b7e180,0x0000000775b80000)
  to   space 18944K, 0% used [0x0000000778d00000,0x0000000778d00000,0x0000000779f80000)
 ParOldGen       total 156672K, used 29164K [0x00000006c1a00000, 0x00000006cb300000, 0x000000076b380000)
  object space 156672K, 18% used [0x00000006c1a00000,0x00000006c367b188,0x00000006cb300000)
 Metaspace       used 56616K, capacity 59118K, committed 59160K, reserved 1099776K
  class space    used 7809K, capacity 8223K, committed 8240K, reserved 1048576K
}
Event: 13.679 GC heap before
{Heap before GC invocations=12 (full 3):
 PSYoungGen      total 172032K, used 11768K [0x000000076b380000, 0x0000000779f80000, 0x00000007c0000000)
  eden space 160256K, 0% used [0x000000076b380000,0x000000076b380000,0x0000000775000000)
  from space 11776K, 99% used [0x0000000775000000,0x0000000775b7e180,0x0000000775b80000)
  to   space 18944K, 0% used [0x0000000778d00000,0x0000000778d00000,0x0000000779f80000)
 ParOldGen       total 156672K, used 29164K [0x00000006c1a00000, 0x00000006cb300000, 0x000000076b380000)
  object space 156672K, 18% used [0x00000006c1a00000,0x00000006c367b188,0x00000006cb300000)
 Metaspace       used 56616K, capacity 59118K, committed 59160K, reserved 1099776K
  class space    used 7809K, capacity 8223K, committed 8240K, reserved 1048576K
Event: 13.898 GC heap after
Heap after GC invocations=12 (full 3):
 PSYoungGen      total 172032K, used 0K [0x000000076b380000, 0x0000000779f80000, 0x00000007c0000000)
  eden space 160256K, 0% used [0x000000076b380000,0x000000076b380000,0x0000000775000000)
  from space 11776K, 0% used [0x0000000775000000,0x0000000775000000,0x0000000775b80000)
  to   space 18944K, 0% used [0x0000000778d00000,0x0000000778d00000,0x0000000779f80000)
 ParOldGen       total 156672K, used 26763K [0x00000006c1a00000, 0x00000006cb300000, 0x000000076b380000)
  object space 156672K, 17% used [0x00000006c1a00000,0x00000006c3422c00,0x00000006cb300000)
 Metaspace       used 56616K, capacity 59118K, committed 59160K, reserved 1099776K
  class space    used 7809K, capacity 8223K, committed 8240K, reserved 1048576K
}

