# JRE version: Java(TM) SE Runtime Environment (8.0_151-b12) (build 1.8.0_151-b12)
# Java VM: Java HotSpot(TM) 64-Bit Server VM (25.151-b12 mixed mode windows-amd64 compressed oops)
Heap:
 PSYoungGen      total 224256K, used 19241K [0x000000076b380000, 0x0000000779b00000, 0x00000007c0000000)
  eden space 211968K, 3% used [0x000000076b380000,0x000000076ba4fef0,0x0000000778280000)
  from space 12288K, 99% used [0x0000000778280000,0x0000000778e7a650,0x0000000778e80000)
  to   space 12800K, 0% used [0x0000000778e80000,0x0000000778e80000,0x0000000779b00000)
 ParOldGen       total 152576K, used 25049K [0x00000006c1a00000, 0x00000006caf00000, 0x000000076b380000)
  object space 152576K, 16% used [0x00000006c1a00000,0x00000006c3276530,0x00000006caf00000)
 Metaspace       used 52945K, capacity 55250K, committed 55344K, reserved 1097728K
  class space    used 7285K, capacity 7709K, committed 7728K, reserved 1048576K
GC Heap History (10 events):
Event: 3.450 GC heap before
{Heap before GC invocations=5 (full 1):
 PSYoungGen      total 141824K, used 8787K [0x000000076b380000, 0x0000000774880000, 0x00000007c0000000)
  eden space 131072K, 0% used [0x000000076b380000,0x000000076b380000,0x0000000773380000)
  from space 10752K, 81% used [0x0000000773e00000,0x0000000774694f48,0x0000000774880000)
  to   space 10752K, 0% used [0x0000000773380000,0x0000000773380000,0x0000000773e00000)
 ParOldGen       total 175104K, used 40K [0x00000006c1a00000, 0x00000006cc500000, 0x000000076b380000)
  object space 175104K, 0% used [0x00000006c1a00000,0x00000006c1a0a000,0x00000006cc500000)
 Metaspace       used 20558K, capacity 21286K, committed 21296K, reserved 1067008K
  class space    used 2672K, capacity 2861K, committed 2864K, reserved 1048576K
Event: 3.483 GC heap after
Heap after GC invocations=5 (full 1):
 PSYoungGen      total 141824K, used 0K [0x000000076b380000, 0x0000000774880000, 0x00000007c0000000)
  eden space 131072K, 0% used [0x000000076b380000,0x000000076b380000,0x0000000773380000)
  from space 10752K, 0% used [0x0000000773e00000,0x0000000773e00000,0x0000000774880000)
  to   space 10752K, 0% used [0x0000000773380000,0x0000000773380000,0x0000000773e00000)
 ParOldGen       total 98304K, used 8586K [0x00000006c1a00000, 0x00000006c7a00000, 0x000000076b380000)
  object space 98304K, 8% used [0x00000006c1a00000,0x00000006c2262b00,0x00000006c7a00000)
 Metaspace       used 20558K, capacity 21286K, committed 21296K, reserved 1067008K
  class space    used 2672K, capacity 2861K, committed 2864K, reserved 1048576K
}
Event: 5.095 GC heap before
{Heap before GC invocations=6 (full 1):
 PSYoungGen      total 141824K, used 131072K [0x000000076b380000, 0x0000000774880000, 0x00000007c0000000)
  eden space 131072K, 100% used [0x000000076b380000,0x0000000773380000,0x0000000773380000)
  from space 10752K, 0% used [0x0000000773e00000,0x0000000773e00000,0x0000000774880000)
  to   space 10752K, 0% used [0x0000000773380000,0x0000000773380000,0x0000000773e00000)
 ParOldGen       total 98304K, used 8586K [0x00000006c1a00000, 0x00000006c7a00000, 0x000000076b380000)
  object space 98304K, 8% used [0x00000006c1a00000,0x00000006c2262b00,0x00000006c7a00000)
 Metaspace       used 31207K, capacity 32494K, committed 32560K, reserved 1077248K
  class space    used 4080K, capacity 4339K, committed 4400K, reserved 1048576K
Event: 5.112 GC heap after
Heap after GC invocations=6 (full 1):
 PSYoungGen      total 141824K, used 10735K [0x000000076b380000, 0x0000000779b00000, 0x00000007c0000000)
  eden space 131072K, 0% used [0x000000076b380000,0x000000076b380000,0x0000000773380000)
  from space 10752K, 99% used [0x0000000773380000,0x0000000773dfbc48,0x0000000773e00000)
  to   space 12800K, 0% used [0x0000000778e80000,0x0000000778e80000,0x0000000779b00000)
 ParOldGen       total 98304K, used 10648K [0x00000006c1a00000, 0x00000006c7a00000, 0x000000076b380000)
  object space 98304K, 10% used [0x00000006c1a00000,0x00000006c24660f0,0x00000006c7a00000)
 Metaspace       used 31207K, capacity 32494K, committed 32560K, reserved 1077248K
  class space    used 4080K, capacity 4339K, committed 4400K, reserved 1048576K
}
Event: 5.571 GC heap before
{Heap before GC invocations=7 (full 1):
 PSYoungGen      total 141824K, used 36964K [0x000000076b380000, 0x0000000779b00000, 0x00000007c0000000)
  eden space 131072K, 20% used [0x000000076b380000,0x000000076cd1d6a8,0x0000000773380000)
  from space 10752K, 99% used [0x0000000773380000,0x0000000773dfbc48,0x0000000773e00000)
  to   space 12800K, 0% used [0x0000000778e80000,0x0000000778e80000,0x0000000779b00000)
 ParOldGen       total 98304K, used 10648K [0x00000006c1a00000, 0x00000006c7a00000, 0x000000076b380000)
  object space 98304K, 10% used [0x00000006c1a00000,0x00000006c24660f0,0x00000006c7a00000)
 Metaspace       used 34105K, capacity 35390K, committed 35496K, reserved 1081344K
  class space    used 4375K, capacity 4649K, committed 4656K, reserved 1048576K
Event: 5.579 GC heap after
Heap after GC invocations=7 (full 1):
 PSYoungGen      total 224768K, used 7720K [0x000000076b380000, 0x0000000779b00000, 0x00000007c0000000)
  eden space 211968K, 0% used [0x000000076b380000,0x000000076b380000,0x0000000778280000)
  from space 12800K, 60% used [0x0000000778e80000,0x000000077960a0c0,0x0000000779b00000)
  to   space 12288K, 0% used [0x0000000778280000,0x0000000778280000,0x0000000778e80000)
 ParOldGen       total 98304K, used 10656K [0x00000006c1a00000, 0x00000006c7a00000, 0x000000076b380000)
  object space 98304K, 10% used [0x00000006c1a00000,0x00000006c24680f0,0x00000006c7a00000)
 Metaspace       used 34105K, capacity 35390K, committed 35496K, reserved 1081344K
  class space    used 4375K, capacity 4649K, committed 4656K, reserved 1048576K
}
Event: 5.579 GC heap before
{Heap before GC invocations=8 (full 2):
 PSYoungGen      total 224768K, used 7720K [0x000000076b380000, 0x0000000779b00000, 0x00000007c0000000)
  eden space 211968K, 0% used [0x000000076b380000,0x000000076b380000,0x0000000778280000)
  from space 12800K, 60% used [0x0000000778e80000,0x000000077960a0c0,0x0000000779b00000)
  to   space 12288K, 0% used [0x0000000778280000,0x0000000778280000,0x0000000778e80000)
 ParOldGen       total 98304K, used 10656K [0x00000006c1a00000, 0x00000006c7a00000, 0x000000076b380000)
  object space 98304K, 10% used [0x00000006c1a00000,0x00000006c24680f0,0x00000006c7a00000)
 Metaspace       used 34105K, capacity 35390K, committed 35496K, reserved 1081344K
  class space    used 4375K, capacity 4649K, committed 4656K, reserved 1048576K
Event: 5.631 GC heap after
Heap after GC invocations=8 (full 2):
 PSYoungGen      total 224768K, used 0K [0x000000076b380000, 0x0000000779b00000, 0x00000007c0000000)
  eden space 211968K, 0% used [0x000000076b380000,0x000000076b380000,0x0000000778280000)
  from space 12800K, 0% used [0x0000000778e80000,0x0000000778e80000,0x0000000779b00000)
  to   space 12288K, 0% used [0x0000000778280000,0x0000000778280000,0x0000000778e80000)
 ParOldGen       total 152576K, used 14418K [0x00000006c1a00000, 0x00000006caf00000, 0x000000076b380000)
  object space 152576K, 9% used [0x00000006c1a00000,0x00000006c2814900,0x00000006caf00000)
 Metaspace       used 34105K, capacity 35390K, committed 35496K, reserved 1081344K
  class space    used 4375K, capacity 4649K, committed 4656K, reserved 1048576K
}
Event: 9.649 GC heap before
{Heap before GC invocations=9 (full 2):
 PSYoungGen      total 224768K, used 211968K [0x000000076b380000, 0x0000000779b00000, 0x00000007c0000000)
  eden space 211968K, 100% used [0x000000076b380000,0x0000000778280000,0x0000000778280000)
  from space 12800K, 0% used [0x0000000778e80000,0x0000000778e80000,0x0000000779b00000)
  to   space 12288K, 0% used [0x0000000778280000,0x0000000778280000,0x0000000778e80000)
 ParOldGen       total 152576K, used 14418K [0x00000006c1a00000, 0x00000006caf00000, 0x000000076b380000)
  object space 152576K, 9% used [0x00000006c1a00000,0x00000006c2814900,0x00000006caf00000)
 Metaspace       used 52919K, capacity 55186K, committed 55344K, reserved 1097728K
  class space    used 7283K, capacity 7709K, committed 7728K, reserved 1048576K
Event: 9.685 GC heap after
Heap after GC invocations=9 (full 2):
 PSYoungGen      total 224256K, used 12265K [0x000000076b380000, 0x0000000779b00000, 0x00000007c0000000)
  eden space 211968K, 0% used [0x000000076b380000,0x000000076b380000,0x0000000778280000)
  from space 12288K, 99% used [0x0000000778280000,0x0000000778e7a650,0x0000000778e80000)
  to   space 12800K, 0% used [0x0000000778e80000,0x0000000778e80000,0x0000000779b00000)
 ParOldGen       total 152576K, used 25049K [0x00000006c1a00000, 0x00000006caf00000, 0x000000076b380000)
  object space 152576K, 16% used [0x00000006c1a00000,0x00000006c3276530,0x00000006caf00000)
 Metaspace       used 52919K, capacity 55186K, committed 55344K, reserved 1097728K
  class space    used 7283K, capacity 7709K, committed 7728K, reserved 1048576K
}

