# JRE version: Java(TM) SE Runtime Environment (8.0_151-b12) (build 1.8.0_151-b12)
# Java VM: Java HotSpot(TM) 64-Bit Server VM (25.151-b12 mixed mode windows-amd64 compressed oops)
Heap:
 PSYoungGen      total 249856K, used 42281K [0x000000076b380000, 0x000000077fa00000, 0x00000007c0000000)
  eden space 231936K, 18% used [0x000000076b380000,0x000000076dcca6b8,0x0000000779600000)
  from space 17920K, 0% used [0x0000000779600000,0x0000000779600000,0x000000077a780000)
  to   space 18944K, 0% used [0x000000077e780000,0x000000077e780000,0x000000077fa00000)
 ParOldGen       total 219136K, used 27241K [0x00000006c1a00000, 0x00000006cf000000, 0x000000076b380000)
  object space 219136K, 12% used [0x00000006c1a00000,0x00000006c349a4c0,0x00000006cf000000)
 Metaspace       used 56842K, capacity 59378K, committed 59412K, reserved 1099776K
  class space    used 7881K, capacity 8299K, committed 8320K, reserved 1048576K
GC Heap History (10 events):
Event: 4.298 GC heap before
{Heap before GC invocations=8 (full 2):
 PSYoungGen      total 171520K, used 9701K [0x000000076b380000, 0x0000000778780000, 0x00000007c0000000)
  eden space 161792K, 0% used [0x000000076b380000,0x000000076b380000,0x0000000775180000)
  from space 9728K, 99% used [0x0000000775c00000,0x0000000776579678,0x0000000776580000)
  to   space 10752K, 0% used [0x0000000775180000,0x0000000775180000,0x0000000775c00000)
 ParOldGen       total 99328K, used 8314K [0x00000006c1a00000, 0x00000006c7b00000, 0x000000076b380000)
  object space 99328K, 8% used [0x00000006c1a00000,0x00000006c221eb28,0x00000006c7b00000)
 Metaspace       used 34069K, capacity 35318K, committed 35416K, reserved 1079296K
  class space    used 4380K, capacity 4649K, committed 4736K, reserved 1048576K
Event: 4.335 GC heap after
Heap after GC invocations=8 (full 2):
 PSYoungGen      total 171520K, used 0K [0x000000076b380000, 0x0000000778780000, 0x00000007c0000000)
  eden space 161792K, 0% used [0x000000076b380000,0x000000076b380000,0x0000000775180000)
  from space 9728K, 0% used [0x0000000775c00000,0x0000000775c00000,0x0000000776580000)
  to   space 10752K, 0% used [0x0000000775180000,0x0000000775180000,0x0000000775c00000)
 ParOldGen       total 153600K, used 15101K [0x00000006c1a00000, 0x00000006cb000000, 0x000000076b380000)
  object space 153600K, 9% used [0x00000006c1a00000,0x00000006c28bf588,0x00000006cb000000)
 Metaspace       used 34069K, capacity 35318K, committed 35416K, reserved 1079296K
  class space    used 4380K, capacity 4649K, committed 4736K, reserved 1048576K
}
Event: 7.647 GC heap before
{Heap before GC invocations=9 (full 2):
 PSYoungGen      total 171520K, used 161792K [0x000000076b380000, 0x0000000778780000, 0x00000007c0000000)
  eden space 161792K, 100% used [0x000000076b380000,0x0000000775180000,0x0000000775180000)
  from space 9728K, 0% used [0x0000000775c00000,0x0000000775c00000,0x0000000776580000)
  to   space 10752K, 0% used [0x0000000775180000,0x0000000775180000,0x0000000775c00000)
 ParOldGen       total 153600K, used 15101K [0x00000006c1a00000, 0x00000006cb000000, 0x000000076b380000)
  object space 153600K, 9% used [0x00000006c1a00000,0x00000006c28bf588,0x00000006cb000000)
 Metaspace       used 51428K, capacity 53342K, committed 53592K, reserved 1095680K
  class space    used 7082K, capacity 7449K, committed 7552K, reserved 1048576K
Event: 7.670 GC heap after
Heap after GC invocations=9 (full 2):
 PSYoungGen      total 172544K, used 10724K [0x000000076b380000, 0x000000077ba80000, 0x00000007c0000000)
  eden space 161792K, 0% used [0x000000076b380000,0x000000076b380000,0x0000000775180000)
  from space 10752K, 99% used [0x0000000775180000,0x0000000775bf9390,0x0000000775c00000)
  to   space 16384K, 0% used [0x000000077aa80000,0x000000077aa80000,0x000000077ba80000)
 ParOldGen       total 153600K, used 24521K [0x00000006c1a00000, 0x00000006cb000000, 0x000000076b380000)
  object space 153600K, 15% used [0x00000006c1a00000,0x00000006c31f25f8,0x00000006cb000000)
 Metaspace       used 51428K, capacity 53342K, committed 53592K, reserved 1095680K
  class space    used 7082K, capacity 7449K, committed 7552K, reserved 1048576K
}
Event: 10.669 GC heap before
{Heap before GC invocations=10 (full 2):
 PSYoungGen      total 172544K, used 172516K [0x000000076b380000, 0x000000077ba80000, 0x00000007c0000000)
  eden space 161792K, 100% used [0x000000076b380000,0x0000000775180000,0x0000000775180000)
  from space 10752K, 99% used [0x0000000775180000,0x0000000775bf9390,0x0000000775c00000)
  to   space 16384K, 0% used [0x000000077aa80000,0x000000077aa80000,0x000000077ba80000)
 ParOldGen       total 153600K, used 24521K [0x00000006c1a00000, 0x00000006cb000000, 0x000000076b380000)
  object space 153600K, 15% used [0x00000006c1a00000,0x00000006c31f25f8,0x00000006cb000000)
 Metaspace       used 55099K, capacity 57556K, committed 57688K, reserved 1099776K
  class space    used 7581K, capacity 8022K, committed 8064K, reserved 1048576K
Event: 10.685 GC heap after
Heap after GC invocations=10 (full 2):
 PSYoungGen      total 245248K, used 14705K [0x000000076b380000, 0x000000077b900000, 0x00000007c0000000)
  eden space 230400K, 0% used [0x000000076b380000,0x000000076b380000,0x0000000779480000)
  from space 14848K, 99% used [0x000000077aa80000,0x000000077b8dc7b8,0x000000077b900000)
  to   space 17920K, 0% used [0x0000000779600000,0x0000000779600000,0x000000077a780000)
 ParOldGen       total 153600K, used 24529K [0x00000006c1a00000, 0x00000006cb000000, 0x000000076b380000)
  object space 153600K, 15% used [0x00000006c1a00000,0x00000006c31f45f8,0x00000006cb000000)
 Metaspace       used 55099K, capacity 57556K, committed 57688K, reserved 1099776K
  class space    used 7581K, capacity 8022K, committed 8064K, reserved 1048576K
}
Event: 11.614 GC heap before
{Heap before GC invocations=11 (full 2):
 PSYoungGen      total 245248K, used 77574K [0x000000076b380000, 0x000000077b900000, 0x00000007c0000000)
  eden space 230400K, 27% used [0x000000076b380000,0x000000076f0e50e0,0x0000000779480000)
  from space 14848K, 99% used [0x000000077aa80000,0x000000077b8dc7b8,0x000000077b900000)
  to   space 17920K, 0% used [0x0000000779600000,0x0000000779600000,0x000000077a780000)
 ParOldGen       total 153600K, used 24529K [0x00000006c1a00000, 0x00000006cb000000, 0x000000076b380000)
  object space 153600K, 15% used [0x00000006c1a00000,0x00000006c31f45f8,0x00000006cb000000)
 Metaspace       used 56432K, capacity 58856K, committed 59028K, reserved 1099776K
  class space    used 7781K, capacity 8192K, committed 8192K, reserved 1048576K
Event: 11.635 GC heap after
Heap after GC invocations=11 (full 2):
 PSYoungGen      total 249856K, used 15374K [0x000000076b380000, 0x000000077fa00000, 0x00000007c0000000)
  eden space 231936K, 0% used [0x000000076b380000,0x000000076b380000,0x0000000779600000)
  from space 17920K, 85% used [0x0000000779600000,0x000000077a503b38,0x000000077a780000)
  to   space 18944K, 0% used [0x000000077e780000,0x000000077e780000,0x000000077fa00000)
 ParOldGen       total 153600K, used 24537K [0x00000006c1a00000, 0x00000006cb000000, 0x000000076b380000)
  object space 153600K, 15% used [0x00000006c1a00000,0x00000006c31f65f8,0x00000006cb000000)
 Metaspace       used 56432K, capacity 58856K, committed 59028K, reserved 1099776K
  class space    used 7781K, capacity 8192K, committed 8192K, reserved 1048576K
}
Event: 11.635 GC heap before
{Heap before GC invocations=12 (full 3):
 PSYoungGen      total 249856K, used 15374K [0x000000076b380000, 0x000000077fa00000, 0x00000007c0000000)
  eden space 231936K, 0% used [0x000000076b380000,0x000000076b380000,0x0000000779600000)
  from space 17920K, 85% used [0x0000000779600000,0x000000077a503b38,0x000000077a780000)
  to   space 18944K, 0% used [0x000000077e780000,0x000000077e780000,0x000000077fa00000)
 ParOldGen       total 153600K, used 24537K [0x00000006c1a00000, 0x00000006cb000000, 0x000000076b380000)
  object space 153600K, 15% used [0x00000006c1a00000,0x00000006c31f65f8,0x00000006cb000000)
 Metaspace       used 56432K, capacity 58856K, committed 59028K, reserved 1099776K
  class space    used 7781K, capacity 8192K, committed 8192K, reserved 1048576K
Event: 11.844 GC heap after
Heap after GC invocations=12 (full 3):
 PSYoungGen      total 249856K, used 0K [0x000000076b380000, 0x000000077fa00000, 0x00000007c0000000)
  eden space 231936K, 0% used [0x000000076b380000,0x000000076b380000,0x0000000779600000)
  from space 17920K, 0% used [0x0000000779600000,0x0000000779600000,0x000000077a780000)
  to   space 18944K, 0% used [0x000000077e780000,0x000000077e780000,0x000000077fa00000)
 ParOldGen       total 219136K, used 27241K [0x00000006c1a00000, 0x00000006cf000000, 0x000000076b380000)
  object space 219136K, 12% used [0x00000006c1a00000,0x00000006c349a4c0,0x00000006cf000000)
 Metaspace       used 56432K, capacity 58856K, committed 59028K, reserved 1099776K
  class space    used 7781K, capacity 8192K, committed 8192K, reserved 1048576K
}

