# JRE version: Java(TM) SE Runtime Environment (8.0_151-b12) (build 1.8.0_151-b12)
# Java VM: Java HotSpot(TM) 64-Bit Server VM (25.151-b12 mixed mode windows-amd64 compressed oops)
Heap:
 PSYoungGen      total 160768K, used 73179K [0x000000076b380000, 0x0000000776f00000, 0x00000007c0000000)
  eden space 149504K, 41% used [0x000000076b380000,0x000000076effd810,0x0000000774580000)
  from space 11264K, 99% used [0x0000000776400000,0x0000000776ef9790,0x0000000776f00000)
  to   space 13312K, 0% used [0x0000000775500000,0x0000000775500000,0x0000000776200000)
 ParOldGen       total 104960K, used 16853K [0x00000006c1a00000, 0x00000006c8080000, 0x000000076b380000)
  object space 104960K, 16% used [0x00000006c1a00000,0x00000006c2a757f0,0x00000006c8080000)
 Metaspace       used 51511K, capacity 53406K, committed 53632K, reserved 1095680K
  class space    used 7096K, capacity 7449K, committed 7552K, reserved 1048576K
GC Heap History (10 events):
Event: 4.118 GC heap before
{Heap before GC invocations=6 (full 1):
 PSYoungGen      total 76288K, used 69594K [0x000000076b380000, 0x0000000772d80000, 0x00000007c0000000)
  eden space 65536K, 100% used [0x000000076b380000,0x000000076f380000,0x000000076f380000)
  from space 10752K, 37% used [0x000000076fe00000,0x00000007701f6b88,0x0000000770880000)
  to   space 10752K, 0% used [0x000000076f380000,0x000000076f380000,0x000000076fe00000)
 ParOldGen       total 104960K, used 7692K [0x00000006c1a00000, 0x00000006c8080000, 0x000000076b380000)
  object space 104960K, 7% used [0x00000006c1a00000,0x00000006c2183138,0x00000006c8080000)
 Metaspace       used 28267K, capacity 29328K, committed 29568K, reserved 1075200K
  class space    used 3685K, capacity 3928K, committed 3968K, reserved 1048576K
Event: 4.126 GC heap after
Heap after GC invocations=6 (full 1):
 PSYoungGen      total 76288K, used 8013K [0x000000076b380000, 0x0000000772c80000, 0x00000007c0000000)
  eden space 65536K, 0% used [0x000000076b380000,0x000000076b380000,0x000000076f380000)
  from space 10752K, 74% used [0x000000076f380000,0x000000076fb536b0,0x000000076fe00000)
  to   space 10240K, 0% used [0x0000000772280000,0x0000000772280000,0x0000000772c80000)
 ParOldGen       total 104960K, used 7764K [0x00000006c1a00000, 0x00000006c8080000, 0x000000076b380000)
  object space 104960K, 7% used [0x00000006c1a00000,0x00000006c2195148,0x00000006c8080000)
 Metaspace       used 28267K, capacity 29328K, committed 29568K, reserved 1075200K
  class space    used 3685K, capacity 3928K, committed 3968K, reserved 1048576K
}
Event: 5.056 GC heap before
{Heap before GC invocations=7 (full 1):
 PSYoungGen      total 76288K, used 73549K [0x000000076b380000, 0x0000000772c80000, 0x00000007c0000000)
  eden space 65536K, 100% used [0x000000076b380000,0x000000076f380000,0x000000076f380000)
  from space 10752K, 74% used [0x000000076f380000,0x000000076fb536b0,0x000000076fe00000)
  to   space 10240K, 0% used [0x0000000772280000,0x0000000772280000,0x0000000772c80000)
 ParOldGen       total 104960K, used 7764K [0x00000006c1a00000, 0x00000006c8080000, 0x000000076b380000)
  object space 104960K, 7% used [0x00000006c1a00000,0x00000006c2195148,0x00000006c8080000)
 Metaspace       used 31268K, capacity 32496K, committed 32512K, reserved 1077248K
  class space    used 4091K, capacity 4340K, committed 4352K, reserved 1048576K
Event: 5.065 GC heap after
Heap after GC invocations=7 (full 1):
 PSYoungGen      total 113152K, used 8911K [0x000000076b380000, 0x0000000772d00000, 0x00000007c0000000)
  eden space 102912K, 0% used [0x000000076b380000,0x000000076b380000,0x0000000771800000)
  from space 10240K, 87% used [0x0000000772280000,0x0000000772b33c98,0x0000000772c80000)
  to   space 10752K, 0% used [0x0000000771800000,0x0000000771800000,0x0000000772280000)
 ParOldGen       total 104960K, used 7772K [0x00000006c1a00000, 0x00000006c8080000, 0x000000076b380000)
  object space 104960K, 7% used [0x00000006c1a00000,0x00000006c2197148,0x00000006c8080000)
 Metaspace       used 31268K, capacity 32496K, committed 32512K, reserved 1077248K
  class space    used 4091K, capacity 4340K, committed 4352K, reserved 1048576K
}
Event: 5.398 GC heap before
{Heap before GC invocations=8 (full 1):
 PSYoungGen      total 113152K, used 30329K [0x000000076b380000, 0x0000000772d00000, 0x00000007c0000000)
  eden space 102912K, 20% used [0x000000076b380000,0x000000076c86a8a0,0x0000000771800000)
  from space 10240K, 87% used [0x0000000772280000,0x0000000772b33c98,0x0000000772c80000)
  to   space 10752K, 0% used [0x0000000771800000,0x0000000771800000,0x0000000772280000)
 ParOldGen       total 104960K, used 7772K [0x00000006c1a00000, 0x00000006c8080000, 0x000000076b380000)
  object space 104960K, 7% used [0x00000006c1a00000,0x00000006c2197148,0x00000006c8080000)
 Metaspace       used 34001K, capacity 35326K, committed 35456K, reserved 1079296K
  class space    used 4365K, capacity 4649K, committed 4736K, reserved 1048576K
Event: 5.408 GC heap after
Heap after GC invocations=8 (full 1):
 PSYoungGen      total 113664K, used 9323K [0x000000076b380000, 0x0000000776f00000, 0x00000007c0000000)
  eden space 102912K, 0% used [0x000000076b380000,0x000000076b380000,0x0000000771800000)
  from space 10752K, 86% used [0x0000000771800000,0x000000077211afb8,0x0000000772280000)
  to   space 11264K, 0% used [0x0000000776400000,0x0000000776400000,0x0000000776f00000)
 ParOldGen       total 104960K, used 7780K [0x00000006c1a00000, 0x00000006c8080000, 0x000000076b380000)
  object space 104960K, 7% used [0x00000006c1a00000,0x00000006c2199148,0x00000006c8080000)
 Metaspace       used 34001K, capacity 35326K, committed 35456K, reserved 1079296K
  class space    used 4365K, capacity 4649K, committed 4736K, reserved 1048576K
}
Event: 5.408 GC heap before
{Heap before GC invocations=9 (full 2):
 PSYoungGen      total 113664K, used 9323K [0x000000076b380000, 0x0000000776f00000, 0x00000007c0000000)
  eden space 102912K, 0% used [0x000000076b380000,0x000000076b380000,0x0000000771800000)
  from space 10752K, 86% used [0x0000000771800000,0x000000077211afb8,0x0000000772280000)
  to   space 11264K, 0% used [0x0000000776400000,0x0000000776400000,0x0000000776f00000)
 ParOldGen       total 104960K, used 7780K [0x00000006c1a00000, 0x00000006c8080000, 0x000000076b380000)
  object space 104960K, 7% used [0x00000006c1a00000,0x00000006c2199148,0x00000006c8080000)
 Metaspace       used 34001K, capacity 35326K, committed 35456K, reserved 1079296K
  class space    used 4365K, capacity 4649K, committed 4736K, reserved 1048576K
Event: 5.459 GC heap after
Heap after GC invocations=9 (full 2):
 PSYoungGen      total 113664K, used 0K [0x000000076b380000, 0x0000000776f00000, 0x00000007c0000000)
  eden space 102912K, 0% used [0x000000076b380000,0x000000076b380000,0x0000000771800000)
  from space 10752K, 0% used [0x0000000771800000,0x0000000771800000,0x0000000772280000)
  to   space 11264K, 0% used [0x0000000776400000,0x0000000776400000,0x0000000776f00000)
 ParOldGen       total 104960K, used 14297K [0x00000006c1a00000, 0x00000006c8080000, 0x000000076b380000)
  object space 104960K, 13% used [0x00000006c1a00000,0x00000006c27f64b0,0x00000006c8080000)
 Metaspace       used 34001K, capacity 35326K, committed 35456K, reserved 1079296K
  class space    used 4365K, capacity 4649K, committed 4736K, reserved 1048576K
}
Event: 7.484 GC heap before
{Heap before GC invocations=10 (full 2):
 PSYoungGen      total 113664K, used 102912K [0x000000076b380000, 0x0000000776f00000, 0x00000007c0000000)
  eden space 102912K, 100% used [0x000000076b380000,0x0000000771800000,0x0000000771800000)
  from space 10752K, 0% used [0x0000000771800000,0x0000000771800000,0x0000000772280000)
  to   space 11264K, 0% used [0x0000000776400000,0x0000000776400000,0x0000000776f00000)
 ParOldGen       total 104960K, used 14297K [0x00000006c1a00000, 0x00000006c8080000, 0x000000076b380000)
  object space 104960K, 13% used [0x00000006c1a00000,0x00000006c27f64b0,0x00000006c8080000)
 Metaspace       used 45572K, capacity 47052K, committed 47360K, reserved 1089536K
  class space    used 6266K, capacity 6554K, committed 6656K, reserved 1048576K
Event: 7.499 GC heap after
Heap after GC invocations=10 (full 2):
 PSYoungGen      total 160768K, used 11237K [0x000000076b380000, 0x0000000776f00000, 0x00000007c0000000)
  eden space 149504K, 0% used [0x000000076b380000,0x000000076b380000,0x0000000774580000)
  from space 11264K, 99% used [0x0000000776400000,0x0000000776ef9790,0x0000000776f00000)
  to   space 13312K, 0% used [0x0000000775500000,0x0000000775500000,0x0000000776200000)
 ParOldGen       total 104960K, used 16853K [0x00000006c1a00000, 0x00000006c8080000, 0x000000076b380000)
  object space 104960K, 16% used [0x00000006c1a00000,0x00000006c2a757f0,0x00000006c8080000)
 Metaspace       used 45572K, capacity 47052K, committed 47360K, reserved 1089536K
  class space    used 6266K, capacity 6554K, committed 6656K, reserved 1048576K
}

