# JRE version: Java(TM) SE Runtime Environment (8.0_151-b12) (build 1.8.0_151-b12)
# Java VM: Java HotSpot(TM) 64-Bit Server VM (25.151-b12 mixed mode windows-amd64 compressed oops)
Heap:
 PSYoungGen      total 168448K, used 38361K [0x000000076b380000, 0x0000000778480000, 0x00000007c0000000)
  eden space 158720K, 24% used [0x000000076b380000,0x000000076d8f6770,0x0000000774e80000)
  from space 9728K, 0% used [0x0000000775900000,0x0000000775900000,0x0000000776280000)
  to   space 10752K, 0% used [0x0000000774e80000,0x0000000774e80000,0x0000000775900000)
 ParOldGen       total 151552K, used 15100K [0x00000006c1a00000, 0x00000006cae00000, 0x000000076b380000)
  object space 151552K, 9% used [0x00000006c1a00000,0x00000006c28bf308,0x00000006cae00000)
 Metaspace       used 37881K, capacity 39202K, committed 39384K, reserved 1083392K
  class space    used 5002K, capacity 5273K, committed 5376K, reserved 1048576K
GC Heap History (10 events):
Event: 2.170 GC heap before
{Heap before GC invocations=4 (full 1):
 PSYoungGen      total 76288K, used 7570K [0x000000076b380000, 0x0000000774880000, 0x00000007c0000000)
  eden space 65536K, 0% used [0x000000076b380000,0x000000076b380000,0x000000076f380000)
  from space 10752K, 70% used [0x000000076f380000,0x000000076fae48e0,0x000000076fe00000)
  to   space 10752K, 0% used [0x0000000773e00000,0x0000000773e00000,0x0000000774880000)
 ParOldGen       total 175104K, used 32K [0x00000006c1a00000, 0x00000006cc500000, 0x000000076b380000)
  object space 175104K, 0% used [0x00000006c1a00000,0x00000006c1a08000,0x00000006cc500000)
 Metaspace       used 20645K, capacity 21170K, committed 21248K, reserved 1067008K
  class space    used 2667K, capacity 2805K, committed 2816K, reserved 1048576K
Event: 2.204 GC heap after
Heap after GC invocations=4 (full 1):
 PSYoungGen      total 76288K, used 0K [0x000000076b380000, 0x0000000774880000, 0x00000007c0000000)
  eden space 65536K, 0% used [0x000000076b380000,0x000000076b380000,0x000000076f380000)
  from space 10752K, 0% used [0x000000076f380000,0x000000076f380000,0x000000076fe00000)
  to   space 10752K, 0% used [0x0000000773e00000,0x0000000773e00000,0x0000000774880000)
 ParOldGen       total 98816K, used 7235K [0x00000006c1a00000, 0x00000006c7a80000, 0x000000076b380000)
  object space 98816K, 7% used [0x00000006c1a00000,0x00000006c2110c30,0x00000006c7a80000)
 Metaspace       used 20645K, capacity 21170K, committed 21248K, reserved 1067008K
  class space    used 2667K, capacity 2805K, committed 2816K, reserved 1048576K
}
Event: 2.711 GC heap before
{Heap before GC invocations=5 (full 1):
 PSYoungGen      total 76288K, used 65536K [0x000000076b380000, 0x0000000774880000, 0x00000007c0000000)
  eden space 65536K, 100% used [0x000000076b380000,0x000000076f380000,0x000000076f380000)
  from space 10752K, 0% used [0x000000076f380000,0x000000076f380000,0x000000076fe00000)
  to   space 10752K, 0% used [0x0000000773e00000,0x0000000773e00000,0x0000000774880000)
 ParOldGen       total 98816K, used 7235K [0x00000006c1a00000, 0x00000006c7a80000, 0x000000076b380000)
  object space 98816K, 7% used [0x00000006c1a00000,0x00000006c2110c30,0x00000006c7a80000)
 Metaspace       used 25936K, capacity 26708K, committed 26880K, reserved 1073152K
  class space    used 3345K, capacity 3538K, committed 3584K, reserved 1048576K
Event: 2.718 GC heap after
Heap after GC invocations=5 (full 1):
 PSYoungGen      total 111104K, used 6815K [0x000000076b380000, 0x0000000774500000, 0x00000007c0000000)
  eden space 103936K, 0% used [0x000000076b380000,0x000000076b380000,0x0000000771900000)
  from space 7168K, 95% used [0x0000000773e00000,0x00000007744a7fe0,0x0000000774500000)
  to   space 10752K, 0% used [0x0000000773000000,0x0000000773000000,0x0000000773a80000)
 ParOldGen       total 98816K, used 7307K [0x00000006c1a00000, 0x00000006c7a80000, 0x000000076b380000)
  object space 98816K, 7% used [0x00000006c1a00000,0x00000006c2122c40,0x00000006c7a80000)
 Metaspace       used 25936K, capacity 26708K, committed 26880K, reserved 1073152K
  class space    used 3345K, capacity 3538K, committed 3584K, reserved 1048576K
}
Event: 4.567 GC heap before
{Heap before GC invocations=6 (full 1):
 PSYoungGen      total 111104K, used 110751K [0x000000076b380000, 0x0000000774500000, 0x00000007c0000000)
  eden space 103936K, 100% used [0x000000076b380000,0x0000000771900000,0x0000000771900000)
  from space 7168K, 95% used [0x0000000773e00000,0x00000007744a7fe0,0x0000000774500000)
  to   space 10752K, 0% used [0x0000000773000000,0x0000000773000000,0x0000000773a80000)
 ParOldGen       total 98816K, used 7307K [0x00000006c1a00000, 0x00000006c7a80000, 0x000000076b380000)
  object space 98816K, 7% used [0x00000006c1a00000,0x00000006c2122c40,0x00000006c7a80000)
 Metaspace       used 29710K, capacity 30832K, committed 31104K, reserved 1077248K
  class space    used 3866K, capacity 4126K, committed 4224K, reserved 1048576K
Event: 4.580 GC heap after
Heap after GC invocations=6 (full 1):
 PSYoungGen      total 138240K, used 9158K [0x000000076b380000, 0x0000000776280000, 0x00000007c0000000)
  eden space 127488K, 0% used [0x000000076b380000,0x000000076b380000,0x0000000773000000)
  from space 10752K, 85% used [0x0000000773000000,0x00000007738f1810,0x0000000773a80000)
  to   space 9728K, 0% used [0x0000000775900000,0x0000000775900000,0x0000000776280000)
 ParOldGen       total 98816K, used 7315K [0x00000006c1a00000, 0x00000006c7a80000, 0x000000076b380000)
  object space 98816K, 7% used [0x00000006c1a00000,0x00000006c2124c40,0x00000006c7a80000)
 Metaspace       used 29710K, capacity 30832K, committed 31104K, reserved 1077248K
  class space    used 3866K, capacity 4126K, committed 4224K, reserved 1048576K
}
Event: 5.396 GC heap before
{Heap before GC invocations=7 (full 1):
 PSYoungGen      total 138240K, used 76575K [0x000000076b380000, 0x0000000776280000, 0x00000007c0000000)
  eden space 127488K, 52% used [0x000000076b380000,0x000000076f556758,0x0000000773000000)
  from space 10752K, 85% used [0x0000000773000000,0x00000007738f1810,0x0000000773a80000)
  to   space 9728K, 0% used [0x0000000775900000,0x0000000775900000,0x0000000776280000)
 ParOldGen       total 98816K, used 7315K [0x00000006c1a00000, 0x00000006c7a80000, 0x000000076b380000)
  object space 98816K, 7% used [0x00000006c1a00000,0x00000006c2124c40,0x00000006c7a80000)
 Metaspace       used 34058K, capacity 35318K, committed 35416K, reserved 1079296K
  class space    used 4379K, capacity 4649K, committed 4736K, reserved 1048576K
Event: 5.405 GC heap after
Heap after GC invocations=7 (full 1):
 PSYoungGen      total 168448K, used 9715K [0x000000076b380000, 0x0000000778480000, 0x00000007c0000000)
  eden space 158720K, 0% used [0x000000076b380000,0x000000076b380000,0x0000000774e80000)
  from space 9728K, 99% used [0x0000000775900000,0x000000077627cea0,0x0000000776280000)
  to   space 10752K, 0% used [0x0000000774e80000,0x0000000774e80000,0x0000000775900000)
 ParOldGen       total 98816K, used 8250K [0x00000006c1a00000, 0x00000006c7a80000, 0x000000076b380000)
  object space 98816K, 8% used [0x00000006c1a00000,0x00000006c220ebe8,0x00000006c7a80000)
 Metaspace       used 34058K, capacity 35318K, committed 35416K, reserved 1079296K
  class space    used 4379K, capacity 4649K, committed 4736K, reserved 1048576K
}
Event: 5.405 GC heap before
{Heap before GC invocations=8 (full 2):
 PSYoungGen      total 168448K, used 9715K [0x000000076b380000, 0x0000000778480000, 0x00000007c0000000)
  eden space 158720K, 0% used [0x000000076b380000,0x000000076b380000,0x0000000774e80000)
  from space 9728K, 99% used [0x0000000775900000,0x000000077627cea0,0x0000000776280000)
  to   space 10752K, 0% used [0x0000000774e80000,0x0000000774e80000,0x0000000775900000)
 ParOldGen       total 98816K, used 8250K [0x00000006c1a00000, 0x00000006c7a80000, 0x000000076b380000)
  object space 98816K, 8% used [0x00000006c1a00000,0x00000006c220ebe8,0x00000006c7a80000)
 Metaspace       used 34058K, capacity 35318K, committed 35416K, reserved 1079296K
  class space    used 4379K, capacity 4649K, committed 4736K, reserved 1048576K
Event: 5.452 GC heap after
Heap after GC invocations=8 (full 2):
 PSYoungGen      total 168448K, used 0K [0x000000076b380000, 0x0000000778480000, 0x00000007c0000000)
  eden space 158720K, 0% used [0x000000076b380000,0x000000076b380000,0x0000000774e80000)
  from space 9728K, 0% used [0x0000000775900000,0x0000000775900000,0x0000000776280000)
  to   space 10752K, 0% used [0x0000000774e80000,0x0000000774e80000,0x0000000775900000)
 ParOldGen       total 151552K, used 15100K [0x00000006c1a00000, 0x00000006cae00000, 0x000000076b380000)
  object space 151552K, 9% used [0x00000006c1a00000,0x00000006c28bf308,0x00000006cae00000)
 Metaspace       used 34058K, capacity 35318K, committed 35416K, reserved 1079296K
  class space    used 4379K, capacity 4649K, committed 4736K, reserved 1048576K
}

