# JRE version: Java(TM) SE Runtime Environment (8.0_151-b12) (build 1.8.0_151-b12)
# Java VM: Java HotSpot(TM) 64-Bit Server VM (25.151-b12 mixed mode windows-amd64 compressed oops)
Heap:
 PSYoungGen      total 160768K, used 144730K [0x000000076b380000, 0x0000000778380000, 0x00000007c0000000)
  eden space 151040K, 95% used [0x000000076b380000,0x00000007740d69a8,0x0000000774700000)
  from space 9728K, 0% used [0x0000000775200000,0x0000000775200000,0x0000000775b80000)
  to   space 11264K, 0% used [0x0000000774700000,0x0000000774700000,0x0000000775200000)
 ParOldGen       total 103424K, used 15274K [0x00000006c1a00000, 0x00000006c7f00000, 0x000000076b380000)
  object space 103424K, 14% used [0x00000006c1a00000,0x00000006c28eaaa0,0x00000006c7f00000)
 Metaspace       used 49072K, capacity 50606K, committed 50864K, reserved 1093632K
  class space    used 6768K, capacity 7061K, committed 7088K, reserved 1048576K
GC Heap History (10 events):
Event: 2.169 GC heap before
{Heap before GC invocations=4 (full 1):
 PSYoungGen      total 76288K, used 7520K [0x000000076b380000, 0x0000000774880000, 0x00000007c0000000)
  eden space 65536K, 0% used [0x000000076b380000,0x000000076b380000,0x000000076f380000)
  from space 10752K, 69% used [0x000000076f380000,0x000000076fad80d8,0x000000076fe00000)
  to   space 10752K, 0% used [0x0000000773e00000,0x0000000773e00000,0x0000000774880000)
 ParOldGen       total 175104K, used 32K [0x00000006c1a00000, 0x00000006cc500000, 0x000000076b380000)
  object space 175104K, 0% used [0x00000006c1a00000,0x00000006c1a08000,0x00000006cc500000)
 Metaspace       used 20597K, capacity 21210K, committed 21296K, reserved 1067008K
  class space    used 2654K, capacity 2837K, committed 2864K, reserved 1048576K
Event: 2.207 GC heap after
Heap after GC invocations=4 (full 1):
 PSYoungGen      total 76288K, used 0K [0x000000076b380000, 0x0000000774880000, 0x00000007c0000000)
  eden space 65536K, 0% used [0x000000076b380000,0x000000076b380000,0x000000076f380000)
  from space 10752K, 0% used [0x000000076f380000,0x000000076f380000,0x000000076fe00000)
  to   space 10752K, 0% used [0x0000000773e00000,0x0000000773e00000,0x0000000774880000)
 ParOldGen       total 103424K, used 7193K [0x00000006c1a00000, 0x00000006c7f00000, 0x000000076b380000)
  object space 103424K, 6% used [0x00000006c1a00000,0x00000006c2106568,0x00000006c7f00000)
 Metaspace       used 20597K, capacity 21210K, committed 21296K, reserved 1067008K
  class space    used 2654K, capacity 2837K, committed 2864K, reserved 1048576K
}
Event: 2.658 GC heap before
{Heap before GC invocations=5 (full 1):
 PSYoungGen      total 76288K, used 65536K [0x000000076b380000, 0x0000000774880000, 0x00000007c0000000)
  eden space 65536K, 100% used [0x000000076b380000,0x000000076f380000,0x000000076f380000)
  from space 10752K, 0% used [0x000000076f380000,0x000000076f380000,0x000000076fe00000)
  to   space 10752K, 0% used [0x0000000773e00000,0x0000000773e00000,0x0000000774880000)
 ParOldGen       total 103424K, used 7193K [0x00000006c1a00000, 0x00000006c7f00000, 0x000000076b380000)
  object space 103424K, 6% used [0x00000006c1a00000,0x00000006c2106568,0x00000006c7f00000)
 Metaspace       used 24809K, capacity 25570K, committed 25776K, reserved 1071104K
  class space    used 3204K, capacity 3389K, committed 3504K, reserved 1048576K
Event: 2.667 GC heap after
Heap after GC invocations=5 (full 1):
 PSYoungGen      total 107008K, used 5835K [0x000000076b380000, 0x0000000774400000, 0x00000007c0000000)
  eden space 100864K, 0% used [0x000000076b380000,0x000000076b380000,0x0000000771600000)
  from space 6144K, 94% used [0x0000000773e00000,0x00000007743b2f48,0x0000000774400000)
  to   space 10752K, 0% used [0x0000000772f00000,0x0000000772f00000,0x0000000773980000)
 ParOldGen       total 103424K, used 7265K [0x00000006c1a00000, 0x00000006c7f00000, 0x000000076b380000)
  object space 103424K, 7% used [0x00000006c1a00000,0x00000006c2118578,0x00000006c7f00000)
 Metaspace       used 24809K, capacity 25570K, committed 25776K, reserved 1071104K
  class space    used 3204K, capacity 3389K, committed 3504K, reserved 1048576K
}
Event: 3.465 GC heap before
{Heap before GC invocations=6 (full 1):
 PSYoungGen      total 107008K, used 106699K [0x000000076b380000, 0x0000000774400000, 0x00000007c0000000)
  eden space 100864K, 100% used [0x000000076b380000,0x0000000771600000,0x0000000771600000)
  from space 6144K, 94% used [0x0000000773e00000,0x00000007743b2f48,0x0000000774400000)
  to   space 10752K, 0% used [0x0000000772f00000,0x0000000772f00000,0x0000000773980000)
 ParOldGen       total 103424K, used 7265K [0x00000006c1a00000, 0x00000006c7f00000, 0x000000076b380000)
  object space 103424K, 7% used [0x00000006c1a00000,0x00000006c2118578,0x00000006c7f00000)
 Metaspace       used 28740K, capacity 29758K, committed 29872K, reserved 1075200K
  class space    used 3747K, capacity 3977K, committed 4016K, reserved 1048576K
Event: 3.475 GC heap after
Heap after GC invocations=6 (full 1):
 PSYoungGen      total 137216K, used 8485K [0x000000076b380000, 0x0000000775b80000, 0x00000007c0000000)
  eden space 126464K, 0% used [0x000000076b380000,0x000000076b380000,0x0000000772f00000)
  from space 10752K, 78% used [0x0000000772f00000,0x0000000773749768,0x0000000773980000)
  to   space 9728K, 0% used [0x0000000775200000,0x0000000775200000,0x0000000775b80000)
 ParOldGen       total 103424K, used 7273K [0x00000006c1a00000, 0x00000006c7f00000, 0x000000076b380000)
  object space 103424K, 7% used [0x00000006c1a00000,0x00000006c211a578,0x00000006c7f00000)
 Metaspace       used 28740K, capacity 29758K, committed 29872K, reserved 1075200K
  class space    used 3747K, capacity 3977K, committed 4016K, reserved 1048576K
}
Event: 4.277 GC heap before
{Heap before GC invocations=7 (full 1):
 PSYoungGen      total 137216K, used 79366K [0x000000076b380000, 0x0000000775b80000, 0x00000007c0000000)
  eden space 126464K, 56% used [0x000000076b380000,0x000000076f8b8290,0x0000000772f00000)
  from space 10752K, 78% used [0x0000000772f00000,0x0000000773749768,0x0000000773980000)
  to   space 9728K, 0% used [0x0000000775200000,0x0000000775200000,0x0000000775b80000)
 ParOldGen       total 103424K, used 7273K [0x00000006c1a00000, 0x00000006c7f00000, 0x000000076b380000)
  object space 103424K, 7% used [0x00000006c1a00000,0x00000006c211a578,0x00000006c7f00000)
 Metaspace       used 34088K, capacity 35390K, committed 35496K, reserved 1081344K
  class space    used 4385K, capacity 4649K, committed 4656K, reserved 1048576K
Event: 4.291 GC heap after
Heap after GC invocations=7 (full 1):
 PSYoungGen      total 160768K, used 9727K [0x000000076b380000, 0x0000000778380000, 0x00000007c0000000)
  eden space 151040K, 0% used [0x000000076b380000,0x000000076b380000,0x0000000774700000)
  from space 9728K, 99% used [0x0000000775200000,0x0000000775b7ff10,0x0000000775b80000)
  to   space 11264K, 0% used [0x0000000774700000,0x0000000774700000,0x0000000775200000)
 ParOldGen       total 103424K, used 8461K [0x00000006c1a00000, 0x00000006c7f00000, 0x000000076b380000)
  object space 103424K, 8% used [0x00000006c1a00000,0x00000006c2243610,0x00000006c7f00000)
 Metaspace       used 34088K, capacity 35390K, committed 35496K, reserved 1081344K
  class space    used 4385K, capacity 4649K, committed 4656K, reserved 1048576K
}
Event: 4.291 GC heap before
{Heap before GC invocations=8 (full 2):
 PSYoungGen      total 160768K, used 9727K [0x000000076b380000, 0x0000000778380000, 0x00000007c0000000)
  eden space 151040K, 0% used [0x000000076b380000,0x000000076b380000,0x0000000774700000)
  from space 9728K, 99% used [0x0000000775200000,0x0000000775b7ff10,0x0000000775b80000)
  to   space 11264K, 0% used [0x0000000774700000,0x0000000774700000,0x0000000775200000)
 ParOldGen       total 103424K, used 8461K [0x00000006c1a00000, 0x00000006c7f00000, 0x000000076b380000)
  object space 103424K, 8% used [0x00000006c1a00000,0x00000006c2243610,0x00000006c7f00000)
 Metaspace       used 34088K, capacity 35390K, committed 35496K, reserved 1081344K
  class space    used 4385K, capacity 4649K, committed 4656K, reserved 1048576K
Event: 4.347 GC heap after
Heap after GC invocations=8 (full 2):
 PSYoungGen      total 160768K, used 0K [0x000000076b380000, 0x0000000778380000, 0x00000007c0000000)
  eden space 151040K, 0% used [0x000000076b380000,0x000000076b380000,0x0000000774700000)
  from space 9728K, 0% used [0x0000000775200000,0x0000000775200000,0x0000000775b80000)
  to   space 11264K, 0% used [0x0000000774700000,0x0000000774700000,0x0000000775200000)
 ParOldGen       total 103424K, used 15274K [0x00000006c1a00000, 0x00000006c7f00000, 0x000000076b380000)
  object space 103424K, 14% used [0x00000006c1a00000,0x00000006c28eaaa0,0x00000006c7f00000)
 Metaspace       used 34088K, capacity 35390K, committed 35496K, reserved 1081344K
  class space    used 4385K, capacity 4649K, committed 4656K, reserved 1048576K
}

